<?xml version="1.0" encoding="UTF-8"?>
<!-- Generated by org.testng.reporters.JUnitXMLReporter -->
<testsuite ignored="4" hostname="AZ-HYD-LPT-06" failures="0" tests="3" name="hostadmin" time="0.035" errors="0" timestamp="2024-06-17T12:32:26 IST">
  <testcase classname="Utilities.BaseClass" name="@BeforeSuite extendsReportsInstantiation" time="0.007">
    <failure type="java.lang.Error" message="Unresolved compilation problem: 
	The method price_side_menu() is undefined for the type pricepage
">
      <![CDATA[java.lang.Error: Unresolved compilation problem: 
The method price_side_menu() is undefined for the type pricepage

at Utilities.BaseClass.extendsReportsInstantiation(BaseClass.java:104)
... Removed 19 stack frames]]>
    </failure>
  </testcase> <!-- @BeforeSuite extendsReportsInstantiation -->
  <testcase classname="Utilities.BaseClass" name="@BeforeTest browserInstantiation" time="-1.718607746208E9">
    <skipped/>
  </testcase> <!-- @BeforeTest browserInstantiation -->
  <testcase classname="Utilities.BaseClass" name="@BeforeMethod implicity_Wait" time="-1.718607746226E9">
    <skipped/>
  </testcase> <!-- @BeforeMethod implicity_Wait -->
  <testcase classname="Utilities.BaseClass" name="@AfterMethod checkStatus" time="-1.718607746229E9">
    <skipped/>
  </testcase> <!-- @AfterMethod checkStatus -->
  <testcase classname="Utilities.BaseClass" name="@BeforeMethod implicity_Wait" time="-1.718607746232E9">
    <skipped/>
  </testcase> <!-- @BeforeMethod implicity_Wait -->
  <testcase classname="Utilities.BaseClass" name="@AfterMethod checkStatus" time="-1.718607746235E9">
    <skipped/>
  </testcase> <!-- @AfterMethod checkStatus -->
  <testcase classname="Utilities.BaseClass" name="@BeforeMethod implicity_Wait" time="-1.718607746236E9">
    <skipped/>
  </testcase> <!-- @BeforeMethod implicity_Wait -->
  <testcase classname="Utilities.BaseClass" name="@AfterMethod checkStatus" time="-1.718607746239E9">
    <skipped/>
  </testcase> <!-- @AfterMethod checkStatus -->
  <testcase classname="Utilities.BaseClass" name="@AfterTest closeBrowser" time="-1.71860774624E9">
    <skipped/>
  </testcase> <!-- @AfterTest closeBrowser -->
  <testcase classname="login.TC_001" name="open_URL" time="0.0">
    <skipped/>
  </testcase> <!-- open_URL -->
  <testcase classname="login.TC_001" name="login" time="0.0">
    <skipped/>
  </testcase> <!-- login -->
  <testcase classname="hostadmin.ha_001" name="login" time="0.0">
    <skipped/>
  </testcase> <!-- login -->
  <testcase classname="Utilities.BaseClass" name="@BeforeTest browserInstantiation" time="0.0">
    <ignored/>
  </testcase> <!-- @BeforeTest browserInstantiation -->
  <testcase classname="Utilities.BaseClass" name="@AfterTest closeBrowser" time="0.0">
    <ignored/>
  </testcase> <!-- @AfterTest closeBrowser -->
  <testcase classname="Utilities.BaseClass" name="@AfterSuite generateExtentReports" time="0.0">
    <ignored/>
  </testcase> <!-- @AfterSuite generateExtentReports -->
  <testcase classname="Utilities.BaseClass" name="@BeforeSuite extendsReportsInstantiation" time="0.0">
    <ignored/>
  </testcase> <!-- @BeforeSuite extendsReportsInstantiation -->
</testsuite> <!-- hostadmin -->
