<?xml version="1.0" encoding="UTF-8"?>
<!-- Generated by org.testng.reporters.JUnitXMLReporter -->
<testsuite ignored="4" hostname="AZ-HYD-LPT-06" failures="0" tests="3" name="media" time="20.718" errors="0" timestamp="2024-06-19T14:33:35 IST">
  <testcase classname="login.TC_001" name="open_URL" time="3.078"/>
  <testcase classname="login.TC_001" name="login" time="5.791"/>
  <testcase classname="media.media_001" name="media" time="7.6"/>
  <testcase classname="Utilities.BaseClass" name="@BeforeTest browserInstantiation" time="0.0">
    <ignored/>
  </testcase> <!-- @BeforeTest browserInstantiation -->
  <testcase classname="Utilities.BaseClass" name="@AfterTest closeBrowser" time="0.0">
    <ignored/>
  </testcase> <!-- @AfterTest closeBrowser -->
  <testcase classname="Utilities.BaseClass" name="@AfterSuite generateExtentReports" time="0.0">
    <ignored/>
  </testcase> <!-- @AfterSuite generateExtentReports -->
  <testcase classname="Utilities.BaseClass" name="@BeforeSuite extendsReportsInstantiation" time="0.0">
    <ignored/>
  </testcase> <!-- @BeforeSuite extendsReportsInstantiation -->
</testsuite> <!-- media -->
