<?xml version="1.0" encoding="UTF-8"?>
<!-- Generated by org.testng.reporters.JUnitXMLReporter -->
<testsuite ignored="4" hostname="AZ-HYD-LPT-06" failures="0" tests="3" name="price" time="22.966" errors="0" timestamp="2024-06-17T14:48:36 IST">
  <testcase classname="login.TC_001" name="open_URL" time="2.94"/>
  <testcase classname="login.TC_001" name="login" time="4.658"/>
  <testcase classname="pricing.pricing_001" name="pricing_page" time="11.227"/>
  <testcase classname="Utilities.BaseClass" name="@BeforeTest browserInstantiation" time="0.0">
    <ignored/>
  </testcase> <!-- @BeforeTest browserInstantiation -->
  <testcase classname="Utilities.BaseClass" name="@AfterTest closeBrowser" time="0.0">
    <ignored/>
  </testcase> <!-- @AfterTest closeBrowser -->
  <testcase classname="Utilities.BaseClass" name="@AfterSuite generateExtentReports" time="0.0">
    <ignored/>
  </testcase> <!-- @AfterSuite generateExtentReports -->
  <testcase classname="Utilities.BaseClass" name="@BeforeSuite extendsReportsInstantiation" time="0.0">
    <ignored/>
  </testcase> <!-- @BeforeSuite extendsReportsInstantiation -->
</testsuite> <!-- price -->
