<?xml version="1.0" encoding="UTF-8"?>
<!-- Generated by org.testng.reporters.JUnitXMLReporter -->
<testsuite ignored="4" hostname="AZ-HYD-LPT-06" failures="0" tests="3" name="taxclass" time="25.456" errors="0" timestamp="2024-06-17T15:24:41 IST">
  <testcase classname="login.TC_001" name="open_URL" time="5.948"/>
  <testcase classname="login.TC_001" name="login" time="8.2"/>
  <testcase classname="taxClass.taxclass_001" name="pricing_page" time="7.582"/>
  <testcase classname="Utilities.BaseClass" name="@BeforeTest browserInstantiation" time="0.0">
    <ignored/>
  </testcase> <!-- @BeforeTest browserInstantiation -->
  <testcase classname="Utilities.BaseClass" name="@AfterTest closeBrowser" time="0.0">
    <ignored/>
  </testcase> <!-- @AfterTest closeBrowser -->
  <testcase classname="Utilities.BaseClass" name="@AfterSuite generateExtentReports" time="0.0">
    <ignored/>
  </testcase> <!-- @AfterSuite generateExtentReports -->
  <testcase classname="Utilities.BaseClass" name="@BeforeSuite extendsReportsInstantiation" time="0.0">
    <ignored/>
  </testcase> <!-- @BeforeSuite extendsReportsInstantiation -->
</testsuite> <!-- taxclass -->
